<?xml version="1.0" encoding="UTF-8"?>
<!-- Generated by org.testng.reporters.JUnitReportReporter -->
<testsuite hostname="DESKTOP-D1LS11I" failures="0" tests="1" name="SeleniumProject.User_login" time="26.756" errors="0" timestamp="2023-12-05T21:49:45 IST" skipped="0">
  <testcase classname="SeleniumProject.User_login" name="verifyUserIsAbletoAddIMacToCart" time="26.756"/>
</testsuite> <!-- SeleniumProject.User_login -->
